<?xml version="1.0" encoding="UTF-8"?>
<!-- Generated by org.testng.reporters.JUnitXMLReporter -->
<testsuite hostname="Kshtty" ignored="2" tests="0" failures="0" timestamp="2023-05-29T16:37:16 IST" time="0.014" errors="0">
  <testcase name="searchProduct" time="0.0" classname="brinyTime_tests.Search_Product_Script">
    <ignored/>
  </testcase> <!-- searchProduct -->
  <testcase name="createCategory" time="0.0" classname="brinyTime_tests.Create_Category_ScriptTest">
    <ignored/>
  </testcase> <!-- createCategory -->
</testsuite>
