<?xml version="1.0" encoding="UTF-8"?>
<testng-results ignored="0" total="1" passed="1" failed="0" skipped="0">
  <reporter-output>
  </reporter-output>
  <suite started-at="2023-07-06T07:40:43 IST" name="Default suite" finished-at="2023-07-06T07:41:58 IST" duration-ms="75021">
    <groups>
    </groups>
    <test started-at="2023-07-06T07:40:43 IST" name="Default test" finished-at="2023-07-06T07:41:58 IST" duration-ms="75021">
      <class name="PrakashSir">
        <test-method signature="m1()[pri:0, instance:PrakashSir@1a18644]" started-at="2023-07-06T07:40:43 IST" name="m1" finished-at="2023-07-06T07:41:58 IST" duration-ms="74933" status="PASS">
          <reporter-output>
          </reporter-output>
        </test-method> <!-- m1 -->
      </class> <!-- PrakashSir -->
    </test> <!-- Default test -->
  </suite> <!-- Default suite -->
</testng-results>
