<?xml version="1.0" encoding="UTF-8"?>
<!-- Generated by org.testng.reporters.JUnitXMLReporter -->
<testsuite hostname="Kshtty" ignored="0" name="Default test" tests="4" failures="0" timestamp="2023-05-30T12:38:06 IST" time="1.383" errors="0">
  <testcase name="getData" time="0.01" classname="practice.DataProvider_Excel"/>
  <testcase name="getData" time="0.008" classname="practice.DataProvider_Excel"/>
  <testcase name="getData" time="0.002" classname="practice.DataProvider_Excel"/>
  <testcase name="getData" time="0.002" classname="practice.DataProvider_Excel"/>
</testsuite> <!-- Default test -->
